[ 2014-09-14T19:34:47+08:00 ] 115.238.225.110 /admin.php?m=item&a=ajax_edit&id=260&field=dis_flag&val=0
INFO: [ route_check ] --START--
INFO: CheckRoute Behavior ::run [ RunTime:0.000600s ]
INFO: [ route_check ] --END-- [ RunTime:0.000674s ]
INFO: [ app_begin ] --START--
INFO: ReadHtmlCache Behavior ::run [ RunTime:0.000370s ]
NOTIC: [8192] mysql_connect(): The mysql extension is deprecated and will be removed in the future: use mysqli or PDO instead /webapps/weixinshop5/ThinkPHP/Lib/Driver/Db/DbMysql.class.php 第 55 行.
SQL: SHOW COLUMNS FROM `weixin_ipban` [ RunTime:0.000602s ]
SQL: DELETE FROM `weixin_ipban` WHERE ( expires_time <> 0 AND expires_time < 1410694487 ) [ RunTime:0.000245s ]
NOTIC: [8192] preg_replace(): The /e modifier is deprecated, use preg_replace_callback instead /webapps/weixinshop5/ThinkPHP/Lib/Core/Db.class.php 第 604 行.
SQL: SELECT COUNT(*) AS tp_count FROM `weixin_ipban` WHERE ( `type` = 'ip' ) AND ( `name` = '115.238.225.110' ) LIMIT 1   [ RunTime:0.000169s ]
INFO: check_ipban Behavior ::run [ RunTime:0.008640s ]
NOTIC: [8] Use of undefined constant GROUP_NAME - assumed 'GROUP_NAME' /webapps/weixinshop5/Admin/Lib/Behavior/load_langBehavior.class.php 第 26 行.
INFO: load_lang Behavior ::run [ RunTime:0.001330s ]
INFO: CheckLang Behavior ::run [ RunTime:0.000269s ]
INFO: [ app_begin ] --END-- [ RunTime:0.010770s ]

[ 2014-09-14T19:37:28+08:00 ] 115.238.225.110 /admin.php?m=item_cate&a=ajax_getchilds&type=0&id=0
INFO: [ route_check ] --START--
INFO: CheckRoute Behavior ::run [ RunTime:0.000543s ]
INFO: [ route_check ] --END-- [ RunTime:0.000621s ]
INFO: [ app_begin ] --START--
INFO: ReadHtmlCache Behavior ::run [ RunTime:0.000328s ]
NOTIC: [8192] mysql_connect(): The mysql extension is deprecated and will be removed in the future: use mysqli or PDO instead /webapps/weixinshop5/ThinkPHP/Lib/Driver/Db/DbMysql.class.php 第 55 行.
SQL: SHOW COLUMNS FROM `weixin_ipban` [ RunTime:0.000492s ]
SQL: DELETE FROM `weixin_ipban` WHERE ( expires_time <> 0 AND expires_time < 1410694648 ) [ RunTime:0.000286s ]
NOTIC: [8192] preg_replace(): The /e modifier is deprecated, use preg_replace_callback instead /webapps/weixinshop5/ThinkPHP/Lib/Core/Db.class.php 第 604 行.
SQL: SELECT COUNT(*) AS tp_count FROM `weixin_ipban` WHERE ( `type` = 'ip' ) AND ( `name` = '115.238.225.110' ) LIMIT 1   [ RunTime:0.000168s ]
INFO: check_ipban Behavior ::run [ RunTime:0.007750s ]
NOTIC: [8] Use of undefined constant GROUP_NAME - assumed 'GROUP_NAME' /webapps/weixinshop5/Admin/Lib/Behavior/load_langBehavior.class.php 第 26 行.
INFO: load_lang Behavior ::run [ RunTime:0.001185s ]
INFO: CheckLang Behavior ::run [ RunTime:0.000285s ]
INFO: [ app_begin ] --END-- [ RunTime:0.009671s ]

